<?xml version="1.0" encoding="UTF-8"?>
<testng-results skipped="0" failed="0" total="1" passed="1">
  <reporter-output>
  </reporter-output>
  <suite name="Surefire suite" duration-ms="332" started-at="2020-03-12T05:38:29Z" finished-at="2020-03-12T05:38:29Z">
    <groups>
    </groups>
    <test name="Surefire test" duration-ms="332" started-at="2020-03-12T05:38:29Z" finished-at="2020-03-12T05:38:29Z">
      <class name="com.minehome.controller.RdcTest">
        <test-method status="PASS" signature="shouldServiceWithOk()[pri:0, instance:shouldServiceWithOk(com.minehome.controller.RdcTest)]" name="shouldServiceWithOk" duration-ms="32" started-at="2020-03-12T13:38:29Z" finished-at="2020-03-12T13:38:29Z">
          <reporter-output>
          </reporter-output>
        </test-method> <!-- shouldServiceWithOk -->
      </class> <!-- com.minehome.controller.RdcTest -->
    </test> <!-- Surefire test -->
  </suite> <!-- Surefire suite -->
</testng-results>
